22:21:13.035 [main                     ] DEBUG Logger               - Configured Logger
22:21:13.064 [main                     ] DEBUG GameApplication      - Logging settings
Title: Untitled
Version: 0.0
Width: 800
Height: 600
Fullscreen: false
Intro: false
Profiling: false
Single step:false
App Mode: DEVELOPER
Menu Key: ESCAPE
Stage Style: DECORATED
Scene Factory: class com.almasb.fxgl.app.scene.SceneFactory

22:21:13.475 [JavaFX Application Thread] DEBUG FXGLApplication      - Initializing FXGL
22:21:13.480 [JavaFX Application Thread] INFO  Engine               - FXGL-21.1 (27.03.2024 07.52) on WINDOWS (J:21.0.5 FX:17.0.6)
22:21:13.481 [JavaFX Application Thread] DEBUG Engine               - JRE Vendor Name: Oracle Corporation
22:21:13.481 [JavaFX Application Thread] DEBUG Engine               - Running on OS: Windows 11 version 10.0
22:21:13.481 [JavaFX Application Thread] DEBUG Engine               - Architecture: amd64
22:21:13.481 [JavaFX Application Thread] INFO  Engine               - Source code and latest versions at: https://github.com/AlmasB/FXGL
22:21:13.481 [JavaFX Application Thread] INFO  Engine               -       Ask questions and discuss at: https://github.com/AlmasB/FXGL/discussions
22:21:13.481 [JavaFX Application Thread] INFO  Engine               -              Join the FXGL chat at: https://gitter.im/AlmasB/FXGL
22:21:13.577 [JavaFX Application Thread] DEBUG PrimaryStageWindow   - Creating a JavaFX scene
22:21:13.616 [JavaFX Application Thread] DEBUG PrimaryStageWindow   - Target settings size: 800.0 x 600.0
22:21:13.617 [JavaFX Application Thread] DEBUG PrimaryStageWindow   - Scaled scene size:    800.0 x 600.0
22:21:13.617 [JavaFX Application Thread] DEBUG PrimaryStageWindow   - Scaled ratio: (1.0, 1.0)
22:21:13.618 [JavaFX Application Thread] DEBUG PrimaryStageWindow   - Set initial scene to FXGLStartupScene
22:21:13.624 [JavaFX Application Thread] DEBUG PrimaryStageWindow   - Opening main window
22:21:13.702 [JavaFX Application Thread] DEBUG PrimaryStageWindow   - Window border size: (14.4000244140625, 37.5999755859375)
22:21:13.703 [JavaFX Application Thread] DEBUG PrimaryStageWindow   - Scaled size: 800.0 x 600.0
22:21:13.703 [JavaFX Application Thread] DEBUG PrimaryStageWindow   - Scaled ratio: (1.0, 1.0)
22:21:13.703 [JavaFX Application Thread] DEBUG PrimaryStageWindow   - Scene size: 800.0 x 600.0
22:21:13.703 [JavaFX Application Thread] DEBUG PrimaryStageWindow   - Stage size: 814.4000244140625 x 637.5999755859375
22:21:13.710 [FXGL Background Thread 1 ] DEBUG Engine               - Initializing environment variables
22:21:13.812 [FXGL Background Thread 1 ] DEBUG ResourceExtractor    - Extracting jar:file:///C:/Users/LEGION/.m2/repository/com/github/almasb/fxgl-intelligence/21.1/fxgl-intelligence-21.1.jar!/com/almasb/fxgl/intelligence/rpc-common.js as intelligence/rpc-common.js
22:21:13.812 [FXGL Background Thread 1 ] DEBUG ResourceExtractor    - Creating directories: C:\Users\LEGION\.openjfx\cache\fxgl-21\intelligence
22:21:13.816 [FXGL Background Thread 1 ] DEBUG ResourceExtractor    - Extracting jar:file:///C:/Users/LEGION/.m2/repository/com/github/almasb/fxgl-intelligence/21.1/fxgl-intelligence-21.1.jar!/com/almasb/fxgl/intelligence/tts/index.html as intelligence/tts/index.html
22:21:13.816 [FXGL Background Thread 1 ] DEBUG ResourceExtractor    - Creating directories: C:\Users\LEGION\.openjfx\cache\fxgl-21\intelligence\tts
22:21:13.818 [FXGL Background Thread 1 ] DEBUG ResourceExtractor    - Extracting jar:file:///C:/Users/LEGION/.m2/repository/com/github/almasb/fxgl-intelligence/21.1/fxgl-intelligence-21.1.jar!/com/almasb/fxgl/intelligence/tts/script.js as intelligence/tts/script.js
22:21:13.819 [FXGL Background Thread 1 ] DEBUG ResourceExtractor    - Extracting jar:file:///C:/Users/LEGION/.m2/repository/com/github/almasb/fxgl-intelligence/21.1/fxgl-intelligence-21.1.jar!/com/almasb/fxgl/intelligence/gesturerecog/index.html as intelligence/gesturerecog/index.html
22:21:13.819 [FXGL Background Thread 1 ] DEBUG ResourceExtractor    - Creating directories: C:\Users\LEGION\.openjfx\cache\fxgl-21\intelligence\gesturerecog
22:21:13.821 [FXGL Background Thread 1 ] DEBUG ResourceExtractor    - Extracting jar:file:///C:/Users/LEGION/.m2/repository/com/github/almasb/fxgl-intelligence/21.1/fxgl-intelligence-21.1.jar!/com/almasb/fxgl/intelligence/speechrecog/index.html as intelligence/speechrecog/index.html
22:21:13.821 [FXGL Background Thread 1 ] DEBUG ResourceExtractor    - Creating directories: C:\Users\LEGION\.openjfx\cache\fxgl-21\intelligence\speechrecog
22:21:13.822 [FXGL Background Thread 1 ] DEBUG ResourceExtractor    - Extracting jar:file:///C:/Users/LEGION/.m2/repository/com/github/almasb/fxgl-intelligence/21.1/fxgl-intelligence-21.1.jar!/com/almasb/fxgl/intelligence/speechrecog/script.js as intelligence/speechrecog/script.js
22:21:13.843 [FXGL Background Thread 1 ] DEBUG FXGLAssetLoaderServi - User app class for loading assets: class org.example.ilib.Controller.App
22:21:13.843 [FXGL Background Thread 1 ] DEBUG GameApplicationServi - Applying CSS: fxgl_dark.css
22:21:13.844 [FXGL Background Thread 1 ] DEBUG FXGLAssetLoaderServi - Loading from file system: jar:file:///C:/Users/LEGION/.m2/repository/com/github/almasb/fxgl/21.1/fxgl-21.1.jar!/fxglassets/ui/css/fxgl_dark.css
22:21:13.877 [FXGL Background Thread 1 ] DEBUG GameApplicationServi - Initializing application scenes
22:21:13.906 [FXGL Background Thread 1 ] DEBUG GameWorld            - Game world initialized
22:21:13.963 [FXGL Background Thread 1 ] DEBUG PhysicsWorld         - Physics world initialized: appHeight=600, physics.ppm=50.0
22:21:13.963 [FXGL Background Thread 1 ] DEBUG PhysicsWorld         - Using strategy: BRUTE_FORCE
22:21:13.966 [FXGL Background Thread 1 ] DEBUG GameScene            - Game scene initialized: 800x600
22:21:13.978 [FXGL Background Thread 1 ] DEBUG FXGL.DefaultMenu     - createMenuBodyGameMenu()
22:21:13.991 [FXGL Background Thread 1 ] DEBUG FXGL.DefaultMenu     - createOptionsMenu()
22:21:14.000 [FXGL Background Thread 1 ] DEBUG FXGLAssetLoaderServi - Loading from file system: jar:file:///C:/Users/LEGION/.m2/repository/com/github/almasb/fxgl/21.1/fxgl-21.1.jar!/fxglassets/textures/particles/smoke.png
22:21:14.070 [FXGL Background Thread 1 ] DEBUG FXGLAssetLoaderServi - Loading from file system: jar:file:///C:/Users/LEGION/.m2/repository/com/github/almasb/fxgl/21.1/fxgl-21.1.jar!/fxglassets/textures/particles/trace_horizontal.png
22:21:14.093 [FXGL Background Thread 1 ] DEBUG GameApplicationServi - Application scenes initialized
22:21:14.106 [FXGL Background Thread 1 ] DEBUG SystemBundleService  - Loading default FXGL system data
22:21:14.107 [FXGL Background Thread 1 ] DEBUG UpdaterService       - Checking for updates
22:21:14.109 [FXGL Background Thread 1 ] DEBUG RPCService           - Added SpeechRecognitionService methods: [onSpeechInput, onSpeechInput$lambda$1, initService, addInputHandler, removeInputHandler]
22:21:14.112 [FXGL Background Thread 4 ] DEBUG FXGLApplication      - Loading fonts
22:21:14.112 [FXGL Background Thread 4 ] DEBUG FXGLAssetLoaderServi - Loading from file system: jar:file:///C:/Users/LEGION/.m2/repository/com/github/almasb/fxgl/21.1/fxgl-21.1.jar!/fxglassets/ui/fonts/VarelaRound-Regular.ttf
22:21:14.113 [FXGL Background Thread 1 ] DEBUG FXGLApplication      - Loading default localization
22:21:14.113 [FXGL Background Thread 1 ] DEBUG FXGLAssetLoaderServi - Loading from file system: jar:file:///C:/Users/LEGION/.m2/repository/com/github/almasb/fxgl/21.1/fxgl-21.1.jar!/fxglassets/languages/english.lang
22:21:14.133 [FXGL Background Thread 1 ] INFO  FXGLApplication      - FXGL initialization took: 0.423 sec
22:21:14.134 [JavaFX Application Thread] DEBUG FXGLAssetLoaderServi - Loading from file system: jar:file:///C:/Users/LEGION/.m2/repository/com/github/almasb/fxgl/21.1/fxgl-21.1.jar!/fxglassets/textures/fxgl_icon.png
22:21:14.142 [FXGL Background Thread 4 ] DEBUG FXGLAssetLoaderServi - Loading from file system: jar:file:///C:/Users/LEGION/.m2/repository/com/github/almasb/fxgl/21.1/fxgl-21.1.jar!/fxglassets/ui/fonts/Abel-Regular.ttf
22:21:14.145 [FXGL Background Thread 4 ] DEBUG FXGLAssetLoaderServi - Loading from file system: jar:file:///C:/Users/LEGION/.m2/repository/com/github/almasb/fxgl/21.1/fxgl-21.1.jar!/fxglassets/ui/fonts/TerminalLandMono-Regular.otf
22:21:14.149 [FXGL Background Thread 4 ] DEBUG FXGLAssetLoaderServi - Loading from file system: jar:file:///C:/Users/LEGION/.m2/repository/com/github/almasb/fxgl/21.1/fxgl-21.1.jar!/fxglassets/ui/fonts/Courier-Prime.ttf
22:21:14.151 [JavaFX Application Thread] DEBUG FXGLAssetLoaderServi - Loading from file system: jar:file:///C:/Users/LEGION/.m2/repository/com/github/almasb/fxgl/21.1/fxgl-21.1.jar!/fxglassets/textures/fxgl_default_cursor.png
22:21:14.154 [WebSocketSelector-64     ] DEBUG WSServer SpeechRecog - Server started successfully
22:21:14.161 [JavaFX Application Thread] DEBUG Input                - Registered new binding: Screenshot - CTRL+8
22:21:14.161 [JavaFX Application Thread] DEBUG Input                - Registered new binding: System info dump - CTRL+9
22:21:14.162 [JavaFX Application Thread] DEBUG Input                - Registered new binding: Restart - CTRL+R
22:21:14.162 [JavaFX Application Thread] DEBUG Input                - Registered new binding: Toggle Debug Camera - CTRL+7
22:21:14.164 [JavaFX Application Thread] DEBUG LoopRunner           - Starting loop
22:21:14.164 [JavaFX Application Thread] DEBUG LoopRunner           - Initializing JavaFX AnimationTimerLoop
22:21:14.166 [JavaFX Application Thread] DEBUG GameApplicationServi - Starting new game
22:21:14.168 [JavaFX Application Thread] DEBUG Input                - Clearing active input actions
22:21:14.177 [JavaFX Application Thread] DEBUG GameApplicationServi - Removing overlay from FXGLStartupScene and adding to FXGLLoadingScene
22:21:14.177 [JavaFX Application Thread] DEBUG PrimaryStageWindow   - FXGLStartupScene -> FXGLLoadingScene
22:21:14.177 [JavaFX Application Thread] DEBUG GameApplicationServi - Clearing previous game
22:21:14.177 [JavaFX Application Thread] DEBUG GameScene            - Clearing game scene
22:21:14.177 [JavaFX Application Thread] DEBUG GameWorld            - Clearing game world
22:21:14.177 [JavaFX Application Thread] DEBUG PhysicsWorld         - Clearing physics world
22:21:14.179 [JavaFX Application Thread] DEBUG FXGLApplication      - Registering font factories with UI factory
22:21:14.179 [FXGL Background Thread 4 ] DEBUG FXGLApplication      - Initializing game
22:21:14.181 [FXGL Background Thread 4 ] INFO  FXGLApplication      - Game initialization took: 0.002 sec
22:21:14.181 [FXGL Background Thread 1 ] DEBUG WebAPIService        - WebDriver opening: file:/C:/Users/LEGION/.openjfx/cache/fxgl-21/intelligence/speechrecog/index.html
22:21:14.233 [FXGL Background Thread 1 ] WARN  WebAPIService        - Failed to load web driver/page. Ensure Chrome or Firefox is installed in default location
java.lang.IllegalStateException: The path to the driver executable The path to the driver executable must be set by the webdriver.chrome.driver system property; for more information, see https://github.com/SeleniumHQ/selenium/wiki/ChromeDriver. The latest version can be downloaded from https://chromedriver.storage.googleapis.com/index.html
	at org.openqa.selenium.internal.Require$StateChecker.nonNull(Require.java:311)
	at org.openqa.selenium.remote.service.DriverService.findExecutable(DriverService.java:135)
	at org.openqa.selenium.chrome.ChromeDriverService.access$000(ChromeDriverService.java:38)
	at org.openqa.selenium.chrome.ChromeDriverService$Builder.findDefaultExecutable(ChromeDriverService.java:231)
	at org.openqa.selenium.remote.service.DriverService$Builder.build(DriverService.java:437)
	at org.openqa.selenium.chrome.ChromeDriverService.createServiceWithConfig(ChromeDriverService.java:141)
	at org.openqa.selenium.chrome.ChromeDriver.<init>(ChromeDriver.java:82)
	at fxgl.intelligence@21.1/com.almasb.fxgl.intelligence.WebAPIService.loadChromeDriver(WebAPIService.kt:116)
	at fxgl.intelligence@21.1/com.almasb.fxgl.intelligence.WebAPIService.access$loadChromeDriver(WebAPIService.kt:27)
	at fxgl.intelligence@21.1/com.almasb.fxgl.intelligence.WebAPIService$loadWebDriverAndPage$driverSuppliers$1.invoke(WebAPIService.kt:85)
	at fxgl.intelligence@21.1/com.almasb.fxgl.intelligence.WebAPIService$loadWebDriverAndPage$driverSuppliers$1.invoke(WebAPIService.kt:84)
	at fxgl.intelligence@21.1/com.almasb.fxgl.intelligence.WebAPIService.loadWebDriverAndPage(WebAPIService.kt:93)
	at fxgl.intelligence@21.1/com.almasb.fxgl.intelligence.WebAPIService.start$lambda$2(WebAPIService.kt:73)
	at com.almasb.fxgl.core@21.1/com.almasb.fxgl.core.concurrent.Async.startAsync$lambda$0(Concurrent.kt:40)
	at com.almasb.fxgl.core@21.1/com.almasb.fxgl.core.concurrent.Coroutine._init_$lambda$1(Concurrent.kt:83)
	at java.base/java.util.concurrent.Executors$RunnableAdapter.call(Executors.java:572)
	at java.base/java.util.concurrent.FutureTask.run(FutureTask.java:317)
	at java.base/java.util.concurrent.ThreadPoolExecutor.runWorker(ThreadPoolExecutor.java:1144)
	at java.base/java.util.concurrent.ThreadPoolExecutor$Worker.run(ThreadPoolExecutor.java:642)
	at java.base/java.lang.Thread.run(Thread.java:1583)

22:21:14.234 [FXGL Background Thread 1 ] DEBUG WebAPIService        - WebDriver opening: file:/C:/Users/LEGION/.openjfx/cache/fxgl-21/intelligence/speechrecog/index.html
22:21:14.236 [JavaFX Application Thread] DEBUG Input                - Clearing active input actions
22:21:14.242 [JavaFX Application Thread] DEBUG GameApplicationServi - Removing overlay from FXGLLoadingScene and adding to GameScene
22:21:14.243 [JavaFX Application Thread] DEBUG PrimaryStageWindow   - FXGLLoadingScene -> GameScene
22:21:14.254 [FXGL Background Thread 1 ] WARN  WebAPIService        - Failed to load web driver/page. Ensure Chrome or Firefox is installed in default location
java.lang.IllegalStateException: The path to the driver executable The path to the driver executable must be set by the webdriver.gecko.driver system property; for more information, see https://github.com/mozilla/geckodriver. The latest version can be downloaded from https://github.com/mozilla/geckodriver/releases
	at org.openqa.selenium.internal.Require$StateChecker.nonNull(Require.java:311)
	at org.openqa.selenium.remote.service.DriverService.findExecutable(DriverService.java:135)
	at org.openqa.selenium.firefox.GeckoDriverService.access$100(GeckoDriverService.java:45)
	at org.openqa.selenium.firefox.GeckoDriverService$Builder.findDefaultExecutable(GeckoDriverService.java:181)
	at org.openqa.selenium.remote.service.DriverService$Builder.build(DriverService.java:437)
	at org.openqa.selenium.firefox.GeckoDriverService.createDefaultService(GeckoDriverService.java:94)
	at org.openqa.selenium.firefox.FirefoxDriver.<init>(FirefoxDriver.java:106)
	at fxgl.intelligence@21.1/com.almasb.fxgl.intelligence.WebAPIService.loadFirefoxDriver(WebAPIService.kt:108)
	at fxgl.intelligence@21.1/com.almasb.fxgl.intelligence.WebAPIService.access$loadFirefoxDriver(WebAPIService.kt:27)
	at fxgl.intelligence@21.1/com.almasb.fxgl.intelligence.WebAPIService$loadWebDriverAndPage$driverSuppliers$2.invoke(WebAPIService.kt:86)
	at fxgl.intelligence@21.1/com.almasb.fxgl.intelligence.WebAPIService$loadWebDriverAndPage$driverSuppliers$2.invoke(WebAPIService.kt:84)
	at fxgl.intelligence@21.1/com.almasb.fxgl.intelligence.WebAPIService.loadWebDriverAndPage(WebAPIService.kt:93)
	at fxgl.intelligence@21.1/com.almasb.fxgl.intelligence.WebAPIService.start$lambda$2(WebAPIService.kt:73)
	at com.almasb.fxgl.core@21.1/com.almasb.fxgl.core.concurrent.Async.startAsync$lambda$0(Concurrent.kt:40)
	at com.almasb.fxgl.core@21.1/com.almasb.fxgl.core.concurrent.Coroutine._init_$lambda$1(Concurrent.kt:83)
	at java.base/java.util.concurrent.Executors$RunnableAdapter.call(Executors.java:572)
	at java.base/java.util.concurrent.FutureTask.run(FutureTask.java:317)
	at java.base/java.util.concurrent.ThreadPoolExecutor.runWorker(ThreadPoolExecutor.java:1144)
	at java.base/java.util.concurrent.ThreadPoolExecutor$Worker.run(ThreadPoolExecutor.java:642)
	at java.base/java.lang.Thread.run(Thread.java:1583)

22:21:14.255 [FXGL Background Thread 1 ] WARN  WebAPIService        - Failed to start web driver.
22:21:14.255 [FXGL Background Thread 1 ] WARN  WebAPIService        - Error data
java.lang.RuntimeException: No valid driver was able to load: file:/C:/Users/LEGION/.openjfx/cache/fxgl-21/intelligence/speechrecog/index.html
	at fxgl.intelligence@21.1/com.almasb.fxgl.intelligence.WebAPIService.loadWebDriverAndPage(WebAPIService.kt:101)
	at fxgl.intelligence@21.1/com.almasb.fxgl.intelligence.WebAPIService.start$lambda$2(WebAPIService.kt:73)
	at com.almasb.fxgl.core@21.1/com.almasb.fxgl.core.concurrent.Async.startAsync$lambda$0(Concurrent.kt:40)
	at com.almasb.fxgl.core@21.1/com.almasb.fxgl.core.concurrent.Coroutine._init_$lambda$1(Concurrent.kt:83)
	at java.base/java.util.concurrent.Executors$RunnableAdapter.call(Executors.java:572)
	at java.base/java.util.concurrent.FutureTask.run(FutureTask.java:317)
	at java.base/java.util.concurrent.ThreadPoolExecutor.runWorker(ThreadPoolExecutor.java:1144)
	at java.base/java.util.concurrent.ThreadPoolExecutor$Worker.run(ThreadPoolExecutor.java:642)
	at java.base/java.lang.Thread.run(Thread.java:1583)

22:21:17.111 [FXGL Background Thread 3 ] DEBUG Engine               - Logging environment variables
22:21:17.111 [FXGL Background Thread 3 ] DEBUG Engine               - achievements: []
22:21:17.111 [FXGL Background Thread 3 ] DEBUG Engine               - actualHeight: 600.0
22:21:17.112 [FXGL Background Thread 3 ] DEBUG Engine               - actualHeightProperty: ReadOnlyDoubleProperty [value: 600.0]
22:21:17.112 [FXGL Background Thread 3 ] DEBUG Engine               - actualWidth: 800.0
22:21:17.112 [FXGL Background Thread 3 ] DEBUG Engine               - actualWidthProperty: ReadOnlyDoubleProperty [value: 800.0]
22:21:17.112 [FXGL Background Thread 3 ] DEBUG Engine               - appIcon: fxgl_icon.png
22:21:17.112 [FXGL Background Thread 3 ] DEBUG Engine               - applicationMode: DEVELOPER
22:21:17.112 [FXGL Background Thread 3 ] DEBUG Engine               - cSSList: [fxgl_dark.css]
22:21:17.112 [FXGL Background Thread 3 ] DEBUG Engine               - collisionDetectionStrategy: BRUTE_FORCE
22:21:17.112 [FXGL Background Thread 3 ] DEBUG Engine               - configClass: Optional.empty
22:21:17.112 [FXGL Background Thread 3 ] DEBUG Engine               - credits: []
22:21:17.112 [FXGL Background Thread 3 ] DEBUG Engine               - defaultCursor: CursorInfo(imageName=fxgl_default_cursor.png, hotspotX=7.0, hotspotY=6.0)
22:21:17.112 [FXGL Background Thread 3 ] DEBUG Engine               - devBBoxColorProperty: ObjectProperty [value: 0xff0000ff]
22:21:17.112 [FXGL Background Thread 3 ] DEBUG Engine               - devEnableDebugCameraProperty: BooleanProperty [value: false]
22:21:17.112 [FXGL Background Thread 3 ] DEBUG Engine               - devSensorColorProperty: ObjectProperty [value: 0xffff00ff]
22:21:17.112 [FXGL Background Thread 3 ] DEBUG Engine               - devShowBBoxProperty: BooleanProperty [value: false]
22:21:17.112 [FXGL Background Thread 3 ] DEBUG Engine               - devShowPositionProperty: BooleanProperty [value: false]
22:21:17.112 [FXGL Background Thread 3 ] DEBUG Engine               - enabledMenuItems: []
22:21:17.112 [FXGL Background Thread 3 ] DEBUG Engine               - engineServices: [class com.almasb.fxgl.app.services.FXGLAssetLoaderService, class com.almasb.fxgl.app.FXGLApplication$GameApplicationService, class com.almasb.fxgl.app.services.FXGLDialogService, class com.almasb.fxgl.app.services.IOTaskExecutorService, class com.almasb.fxgl.io.FileSystemService, class com.almasb.fxgl.localization.LocalizationService, class com.almasb.fxgl.app.services.SystemBundleService, class com.almasb.fxgl.profile.SaveLoadService, class com.almasb.fxgl.ui.FXGLUIFactoryServiceProvider, class com.almasb.fxgl.ui.FXGLDialogFactoryServiceProvider, class com.almasb.fxgl.audio.AudioPlayer, class com.almasb.fxgl.notification.impl.NotificationServiceProvider, class com.almasb.fxgl.achievement.AchievementService, class com.almasb.fxgl.cutscene.CutsceneService, class com.almasb.fxgl.minigames.MiniGameService, class com.almasb.fxgl.net.NetService, class com.almasb.fxgl.app.services.UpdaterService, class com.almasb.fxgl.dev.DevService, class com.almasb.fxgl.intelligence.speechrecog.SpeechRecognitionService]
22:21:17.112 [FXGL Background Thread 3 ] DEBUG Engine               - fontGame: Abel-Regular.ttf
22:21:17.113 [FXGL Background Thread 3 ] DEBUG Engine               - fontMono: TerminalLandMono-Regular.otf
22:21:17.113 [FXGL Background Thread 3 ] DEBUG Engine               - fontSizeScaleUI: 1.0
22:21:17.113 [FXGL Background Thread 3 ] DEBUG Engine               - fontText: Courier-Prime.ttf
22:21:17.113 [FXGL Background Thread 3 ] DEBUG Engine               - fontUI: VarelaRound-Regular.ttf
22:21:17.113 [FXGL Background Thread 3 ] DEBUG Engine               - fullScreen: BooleanProperty [value: false]
22:21:17.113 [FXGL Background Thread 3 ] DEBUG Engine               - gameDifficulty: MEDIUM
22:21:17.113 [FXGL Background Thread 3 ] DEBUG Engine               - gameDifficultyProperty: ObjectProperty [value: MEDIUM]
22:21:17.113 [FXGL Background Thread 3 ] DEBUG Engine               - globalMusicVolume: 0.5
22:21:17.113 [FXGL Background Thread 3 ] DEBUG Engine               - globalMusicVolumeProperty: DoubleProperty [value: 0.5]
22:21:17.113 [FXGL Background Thread 3 ] DEBUG Engine               - globalSoundVolume: 0.5
22:21:17.113 [FXGL Background Thread 3 ] DEBUG Engine               - globalSoundVolumeProperty: DoubleProperty [value: 0.5]
22:21:17.113 [FXGL Background Thread 3 ] DEBUG Engine               - height: 600
22:21:17.113 [FXGL Background Thread 3 ] DEBUG Engine               - is3D: false
22:21:17.113 [FXGL Background Thread 3 ] DEBUG Engine               - isAndroid: false
22:21:17.113 [FXGL Background Thread 3 ] DEBUG Engine               - isBrowser: false
22:21:17.113 [FXGL Background Thread 3 ] DEBUG Engine               - isClickFeedbackEnabled: false
22:21:17.113 [FXGL Background Thread 3 ] DEBUG Engine               - isCloseConfirmation: false
22:21:17.113 [FXGL Background Thread 3 ] DEBUG Engine               - isDesktop: true
22:21:17.113 [FXGL Background Thread 3 ] DEBUG Engine               - isDeveloperMenuEnabled: false
22:21:17.113 [FXGL Background Thread 3 ] DEBUG Engine               - isEmbedded: false
22:21:17.113 [FXGL Background Thread 3 ] DEBUG Engine               - isEntityPreloadEnabled: true
22:21:17.113 [FXGL Background Thread 3 ] DEBUG Engine               - isExperimentalTiledLargeMap: false
22:21:17.113 [FXGL Background Thread 3 ] DEBUG Engine               - isFileSystemWriteAllowed: true
22:21:17.113 [FXGL Background Thread 3 ] DEBUG Engine               - isFullScreenAllowed: false
22:21:17.113 [FXGL Background Thread 3 ] DEBUG Engine               - isFullScreenFromStart: false
22:21:17.113 [FXGL Background Thread 3 ] DEBUG Engine               - isGameMenuEnabled: true
22:21:17.113 [FXGL Background Thread 3 ] DEBUG Engine               - isIOS: false
22:21:17.113 [FXGL Background Thread 3 ] DEBUG Engine               - isIntroEnabled: false
22:21:17.113 [FXGL Background Thread 3 ] DEBUG Engine               - isLinux: false
22:21:17.113 [FXGL Background Thread 3 ] DEBUG Engine               - isMac: false
22:21:17.113 [FXGL Background Thread 3 ] DEBUG Engine               - isMainMenuEnabled: false
22:21:17.114 [FXGL Background Thread 3 ] DEBUG Engine               - isManualResizeEnabled: false
22:21:17.114 [FXGL Background Thread 3 ] DEBUG Engine               - isMobile: false
22:21:17.114 [FXGL Background Thread 3 ] DEBUG Engine               - isNative: false
22:21:17.114 [FXGL Background Thread 3 ] DEBUG Engine               - isPauseMusicWhenMinimized: true
22:21:17.114 [FXGL Background Thread 3 ] DEBUG Engine               - isPreserveResizeRatio: false
22:21:17.114 [FXGL Background Thread 3 ] DEBUG Engine               - isProfilingEnabled: false
22:21:17.114 [FXGL Background Thread 3 ] DEBUG Engine               - isScaleAffectedOnResize: true
22:21:17.114 [FXGL Background Thread 3 ] DEBUG Engine               - isSingleStep: false
22:21:17.114 [FXGL Background Thread 3 ] DEBUG Engine               - isUserProfileEnabled: false
22:21:17.114 [FXGL Background Thread 3 ] DEBUG Engine               - isWindows: true
22:21:17.114 [FXGL Background Thread 3 ] DEBUG Engine               - language: ObjectProperty [value: ENGLISH]
22:21:17.114 [FXGL Background Thread 3 ] DEBUG Engine               - menuKey: ESCAPE
22:21:17.114 [FXGL Background Thread 3 ] DEBUG Engine               - mouseSensitivity: 0.2
22:21:17.114 [FXGL Background Thread 3 ] DEBUG Engine               - notificationViewClass: class com.almasb.fxgl.notification.view.XboxNotificationView
22:21:17.114 [FXGL Background Thread 3 ] DEBUG Engine               - pixelsPerMeter: 50.0
22:21:17.114 [FXGL Background Thread 3 ] DEBUG Engine               - platform: WINDOWS
22:21:17.114 [FXGL Background Thread 3 ] DEBUG Engine               - prefHeightProperty: ReadOnlyDoubleProperty [value: 600.0]
22:21:17.114 [FXGL Background Thread 3 ] DEBUG Engine               - prefWidthProperty: ReadOnlyDoubleProperty [value: 800.0]
22:21:17.114 [FXGL Background Thread 3 ] DEBUG Engine               - profileDir: profiles/
22:21:17.114 [FXGL Background Thread 3 ] DEBUG Engine               - profileName: StringProperty [value: DEFAULT]
22:21:17.114 [FXGL Background Thread 3 ] DEBUG Engine               - randomSeed: -1
22:21:17.114 [FXGL Background Thread 3 ] DEBUG Engine               - runtimeInfo: RuntimeInfo(platform=WINDOWS, version=21.1, build=27.03.2024 07.52)
22:21:17.114 [FXGL Background Thread 3 ] DEBUG Engine               - saveFileExt: sav
22:21:17.114 [FXGL Background Thread 3 ] DEBUG Engine               - scaledHeightProp$fxgl: DoubleProperty [bound, value: 600.0]
22:21:17.114 [FXGL Background Thread 3 ] DEBUG Engine               - scaledWidthProp$fxgl: DoubleProperty [bound, value: 800.0]
22:21:17.114 [FXGL Background Thread 3 ] DEBUG Engine               - sceneFactory: com.almasb.fxgl.app.scene.SceneFactory@6eaf198f
22:21:17.114 [FXGL Background Thread 3 ] DEBUG Engine               - secondsIn24h: 60
22:21:17.114 [FXGL Background Thread 3 ] DEBUG Engine               - soundMenuBack: menu/back.wav
22:21:17.114 [FXGL Background Thread 3 ] DEBUG Engine               - soundMenuPress: menu/press.wav
22:21:17.115 [FXGL Background Thread 3 ] DEBUG Engine               - soundMenuSelect: menu/select.wav
22:21:17.115 [FXGL Background Thread 3 ] DEBUG Engine               - soundNotification: core/notification.wav
22:21:17.115 [FXGL Background Thread 3 ] DEBUG Engine               - stageStyle: DECORATED
22:21:17.115 [FXGL Background Thread 3 ] DEBUG Engine               - supportedLanguages: [ENGLISH, FRENCH, GERMAN, HUNGARIAN, RUSSIAN]
22:21:17.115 [FXGL Background Thread 3 ] DEBUG Engine               - ticksPerSecond: -1
22:21:17.115 [FXGL Background Thread 3 ] DEBUG Engine               - title: Untitled
22:21:17.115 [FXGL Background Thread 3 ] DEBUG Engine               - urlGithub: https://github.com/AlmasB/FXGL
22:21:17.115 [FXGL Background Thread 3 ] DEBUG Engine               - urlLeaderboard: http://fxgl-top.herokuapp.com/
22:21:17.115 [FXGL Background Thread 3 ] DEBUG Engine               - urlPOM: https://raw.githubusercontent.com/AlmasB/FXGL/release/README.md
22:21:17.115 [FXGL Background Thread 3 ] DEBUG Engine               - userAppClass: class org.example.ilib.Controller.App
22:21:17.115 [FXGL Background Thread 3 ] DEBUG Engine               - version: 0.0
22:21:17.115 [FXGL Background Thread 3 ] DEBUG Engine               - versionCheckDays: 7
22:21:17.115 [FXGL Background Thread 3 ] DEBUG Engine               - width: 800
22:21:17.115 [FXGL Background Thread 3 ] DEBUG Engine               - Logging services
22:21:17.115 [FXGL Background Thread 3 ] DEBUG Engine               - class com.almasb.fxgl.app.services.FXGLAssetLoaderService
22:21:17.115 [FXGL Background Thread 3 ] DEBUG Engine               - class com.almasb.fxgl.app.FXGLApplication$GameApplicationService
22:21:17.115 [FXGL Background Thread 3 ] DEBUG Engine               - class com.almasb.fxgl.app.services.FXGLDialogService
22:21:17.115 [FXGL Background Thread 3 ] DEBUG Engine               - class com.almasb.fxgl.app.services.IOTaskExecutorService
22:21:17.115 [FXGL Background Thread 3 ] DEBUG Engine               - class com.almasb.fxgl.io.FileSystemService
22:21:17.115 [FXGL Background Thread 3 ] DEBUG Engine               - class com.almasb.fxgl.localization.LocalizationService
22:21:17.115 [FXGL Background Thread 3 ] DEBUG Engine               - class com.almasb.fxgl.app.services.SystemBundleService
22:21:17.115 [FXGL Background Thread 3 ] DEBUG Engine               - class com.almasb.fxgl.profile.SaveLoadService
22:21:17.115 [FXGL Background Thread 3 ] DEBUG Engine               - class com.almasb.fxgl.ui.FXGLUIFactoryServiceProvider
22:21:17.115 [FXGL Background Thread 3 ] DEBUG Engine               - class com.almasb.fxgl.ui.FXGLDialogFactoryServiceProvider
22:21:17.115 [FXGL Background Thread 3 ] DEBUG Engine               - class com.almasb.fxgl.audio.AudioPlayer
22:21:17.115 [FXGL Background Thread 3 ] DEBUG Engine               - class com.almasb.fxgl.notification.impl.NotificationServiceProvider
22:21:17.115 [FXGL Background Thread 3 ] DEBUG Engine               - class com.almasb.fxgl.achievement.AchievementService
22:21:17.115 [FXGL Background Thread 3 ] DEBUG Engine               - class com.almasb.fxgl.cutscene.CutsceneService
22:21:17.115 [FXGL Background Thread 3 ] DEBUG Engine               - class com.almasb.fxgl.minigames.MiniGameService
22:21:17.115 [FXGL Background Thread 3 ] DEBUG Engine               - class com.almasb.fxgl.net.NetService
22:21:17.115 [FXGL Background Thread 3 ] DEBUG Engine               - class com.almasb.fxgl.app.services.UpdaterService
22:21:17.115 [FXGL Background Thread 3 ] DEBUG Engine               - class com.almasb.fxgl.dev.DevService
22:21:17.115 [FXGL Background Thread 3 ] DEBUG Engine               - class com.almasb.fxgl.intelligence.speechrecog.SpeechRecognitionService
22:21:33.971 [JavaFX Application Thread] DEBUG FXGLApplication      - Exiting FXGL
22:21:33.971 [JavaFX Application Thread] DEBUG LoopRunner           - Stopping loop
22:21:33.971 [JavaFX Application Thread] DEBUG SystemBundleService  - Saving FXGL system data
22:21:33.973 [JavaFX Application Thread] DEBUG FileSystemAccess     - Writing to: E:\java\iLib\ILib\system\fxgl.bundle
22:21:34.009 [JavaFX Application Thread] DEBUG Async                - Shutting down background threads
22:21:34.009 [JavaFX Application Thread] DEBUG PrimaryStageWindow   - Closing main window
22:21:34.021 [JavaFX Application Thread] DEBUG Logger               - Closing Logger
